Collecting numpy
  Downloading numpy-1.24.4-cp38-cp38-manylinux_2_17_x86_64.manylinux2014_x86_64.whl (17.3 MB)
Collecting matplotlib
  Downloading matplotlib-3.7.5-cp38-cp38-manylinux_2_12_x86_64.manylinux2010_x86_64.whl (9.2 MB)
Collecting mpi4py
  Downloading mpi4py-4.0.1.tar.gz (466 kB)
  Installing build dependencies: started
  Installing build dependencies: finished with status 'done'
  Getting requirements to build wheel: started
  Getting requirements to build wheel: finished with status 'done'
  Installing backend dependencies: started
  Installing backend dependencies: finished with status 'done'
    Preparing wheel metadata: started
    Preparing wheel metadata: finished with status 'done'
Collecting tensorflow
  Downloading tensorflow-2.13.1-cp38-cp38-manylinux_2_17_x86_64.manylinux2014_x86_64.whl (479.6 MB)
Collecting absl-py
  Downloading absl_py-2.1.0-py3-none-any.whl (133 kB)
Collecting jax
  Downloading jax-0.4.13.tar.gz (1.3 MB)
  Installing build dependencies: started
  Installing build dependencies: finished with status 'done'
  Getting requirements to build wheel: started
  Getting requirements to build wheel: finished with status 'done'
    Preparing wheel metadata: started
    Preparing wheel metadata: finished with status 'done'
Collecting jaxlib
  Downloading jaxlib-0.4.13-cp38-cp38-manylinux2014_x86_64.whl (71.6 MB)
Collecting packaging>=20.0
  Downloading packaging-24.2-py3-none-any.whl (65 kB)
Collecting contourpy>=1.0.1
  Downloading contourpy-1.1.1-cp38-cp38-manylinux_2_17_x86_64.manylinux2014_x86_64.whl (301 kB)
Collecting pyparsing>=2.3.1
  Downloading pyparsing-3.1.4-py3-none-any.whl (104 kB)
Collecting pillow>=6.2.0
  Downloading pillow-10.4.0-cp38-cp38-manylinux_2_17_x86_64.manylinux2014_x86_64.whl (4.4 MB)
Collecting fonttools>=4.22.0
  Downloading fonttools-4.55.0-cp38-cp38-manylinux_2_17_x86_64.manylinux2014_x86_64.whl (4.7 MB)
Collecting cycler>=0.10
  Downloading cycler-0.12.1-py3-none-any.whl (8.3 kB)
Collecting python-dateutil>=2.7
  Downloading python_dateutil-2.9.0.post0-py2.py3-none-any.whl (229 kB)
Collecting importlib-resources>=3.2.0; python_version < "3.10"
  Downloading importlib_resources-6.4.5-py3-none-any.whl (36 kB)
Collecting kiwisolver>=1.0.1
  Downloading kiwisolver-1.4.7-cp38-cp38-manylinux_2_5_x86_64.manylinux1_x86_64.whl (1.2 MB)
Collecting gast<=0.4.0,>=0.2.1
  Downloading gast-0.4.0-py3-none-any.whl (9.8 kB)
Collecting tensorflow-io-gcs-filesystem>=0.23.1; platform_machine != "arm64" or platform_system != "Darwin"
  Downloading tensorflow_io_gcs_filesystem-0.34.0-cp38-cp38-manylinux_2_12_x86_64.manylinux2010_x86_64.whl (2.4 MB)
Collecting tensorboard<2.14,>=2.13
  Downloading tensorboard-2.13.0-py3-none-any.whl (5.6 MB)
Collecting google-pasta>=0.1.1
  Downloading google_pasta-0.2.0-py3-none-any.whl (57 kB)
Collecting termcolor>=1.1.0
  Downloading termcolor-2.4.0-py3-none-any.whl (7.7 kB)
Collecting setuptools
  Downloading setuptools-75.3.0-py3-none-any.whl (1.3 MB)
Collecting protobuf!=4.21.0,!=4.21.1,!=4.21.2,!=4.21.3,!=4.21.4,!=4.21.5,<5.0.0dev,>=3.20.3
  Downloading protobuf-4.25.5-cp37-abi3-manylinux2014_x86_64.whl (294 kB)
Collecting keras<2.14,>=2.13.1
  Downloading keras-2.13.1-py3-none-any.whl (1.7 MB)
Collecting tensorflow-estimator<2.14,>=2.13.0
  Downloading tensorflow_estimator-2.13.0-py2.py3-none-any.whl (440 kB)
Collecting wrapt>=1.11.0
  Downloading wrapt-1.17.0-cp38-cp38-manylinux_2_5_x86_64.manylinux1_x86_64.manylinux_2_17_x86_64.manylinux2014_x86_64.whl (85 kB)
Collecting grpcio<2.0,>=1.24.3
  Downloading grpcio-1.68.0-cp38-cp38-manylinux_2_17_x86_64.manylinux2014_x86_64.whl (5.9 MB)
Collecting typing-extensions<4.6.0,>=3.6.6
  Downloading typing_extensions-4.5.0-py3-none-any.whl (27 kB)
Collecting h5py>=2.9.0
  Downloading h5py-3.11.0-cp38-cp38-manylinux_2_17_x86_64.manylinux2014_x86_64.whl (5.3 MB)
Collecting opt-einsum>=2.3.2
  Downloading opt_einsum-3.4.0-py3-none-any.whl (71 kB)
Collecting flatbuffers>=23.1.21
  Downloading flatbuffers-24.3.25-py2.py3-none-any.whl (26 kB)
Collecting libclang>=13.0.0
  Downloading libclang-18.1.1-py2.py3-none-manylinux2010_x86_64.whl (24.5 MB)
Collecting astunparse>=1.6.0
  Downloading astunparse-1.6.3-py2.py3-none-any.whl (12 kB)
Collecting six>=1.12.0
  Downloading six-1.16.0-py2.py3-none-any.whl (11 kB)
Collecting ml-dtypes>=0.1.0
  Downloading ml_dtypes-0.2.0-cp38-cp38-manylinux_2_17_x86_64.manylinux2014_x86_64.whl (1.0 MB)
Collecting importlib-metadata>=4.6; python_version < "3.10"
  Downloading importlib_metadata-8.5.0-py3-none-any.whl (26 kB)
Collecting scipy>=1.7
  Downloading scipy-1.10.1-cp38-cp38-manylinux_2_17_x86_64.manylinux2014_x86_64.whl (34.5 MB)
Collecting zipp>=3.1.0; python_version < "3.10"
  Downloading zipp-3.20.2-py3-none-any.whl (9.2 kB)
Collecting werkzeug>=1.0.1
  Downloading werkzeug-3.0.6-py3-none-any.whl (227 kB)
Collecting tensorboard-data-server<0.8.0,>=0.7.0
  Downloading tensorboard_data_server-0.7.2-py3-none-any.whl (2.4 kB)
Collecting markdown>=2.6.8
  Downloading Markdown-3.7-py3-none-any.whl (106 kB)
Collecting google-auth-oauthlib<1.1,>=0.5
  Downloading google_auth_oauthlib-1.0.0-py2.py3-none-any.whl (18 kB)
Collecting wheel>=0.26
  Downloading wheel-0.45.1-py3-none-any.whl (72 kB)
Collecting google-auth<3,>=1.6.3
  Downloading google_auth-2.36.0-py2.py3-none-any.whl (209 kB)
Collecting requests<3,>=2.21.0
  Downloading requests-2.32.3-py3-none-any.whl (64 kB)
Collecting MarkupSafe>=2.1.1
  Downloading MarkupSafe-2.1.5-cp38-cp38-manylinux_2_17_x86_64.manylinux2014_x86_64.whl (26 kB)
Collecting requests-oauthlib>=0.7.0
  Downloading requests_oauthlib-2.0.0-py2.py3-none-any.whl (24 kB)
Collecting cachetools<6.0,>=2.0.0
  Downloading cachetools-5.5.0-py3-none-any.whl (9.5 kB)
Collecting pyasn1-modules>=0.2.1
  Downloading pyasn1_modules-0.4.1-py3-none-any.whl (181 kB)
Collecting rsa<5,>=3.1.4
  Downloading rsa-4.9-py3-none-any.whl (34 kB)
Collecting urllib3<3,>=1.21.1
  Downloading urllib3-2.2.3-py3-none-any.whl (126 kB)
Collecting idna<4,>=2.5
  Downloading idna-3.10-py3-none-any.whl (70 kB)
Collecting certifi>=2017.4.17
  Downloading certifi-2024.8.30-py3-none-any.whl (167 kB)
Collecting charset-normalizer<4,>=2
  Downloading charset_normalizer-3.4.0-cp38-cp38-manylinux_2_17_x86_64.manylinux2014_x86_64.whl (143 kB)
Collecting oauthlib>=3.0.0
  Downloading oauthlib-3.2.2-py3-none-any.whl (151 kB)
Collecting pyasn1<0.7.0,>=0.4.6
  Downloading pyasn1-0.6.1-py3-none-any.whl (83 kB)
Building wheels for collected packages: mpi4py, jax
  Building wheel for mpi4py (PEP 517): started
  Building wheel for mpi4py (PEP 517): still running...
  Building wheel for mpi4py (PEP 517): finished with status 'done'
  Created wheel for mpi4py: filename=mpi4py-4.0.1-cp38-cp38-linux_x86_64.whl size=4754788 sha256=ad45442bc87b754a121710119ea1920f62afc86147d7c526364b43a7bd3bb657
  Stored in directory: /tmp/pip-ephem-wheel-cache-bl46ifkv/wheels/53/6a/71/8b09cb59cfa0e61fdc9c195603a5dcf9fc2862ab5ba0772abd
  Building wheel for jax (PEP 517): started
  Building wheel for jax (PEP 517): finished with status 'done'
  Created wheel for jax: filename=jax-0.4.13-py3-none-any.whl size=1518703 sha256=fe961f476200641b9c1a64dcf927fe56e34c6e362da3bab8814dab3d37ed9ffc
  Stored in directory: /tmp/pip-ephem-wheel-cache-bl46ifkv/wheels/46/d9/15/d2800d4089dc4c77299ac7513c6aa1036f5491edbd2bf6ba16
Successfully built mpi4py jax
Installing collected packages: numpy, packaging, contourpy, pyparsing, pillow, fonttools, cycler, six, python-dateutil, zipp, importlib-resources, kiwisolver, matplotlib, mpi4py, gast, tensorflow-io-gcs-filesystem, MarkupSafe, werkzeug, tensorboard-data-server, grpcio, importlib-metadata, markdown, cachetools, pyasn1, pyasn1-modules, rsa, google-auth, oauthlib, urllib3, idna, certifi, charset-normalizer, requests, requests-oauthlib, google-auth-oauthlib, wheel, protobuf, setuptools, absl-py, tensorboard, google-pasta, termcolor, keras, tensorflow-estimator, wrapt, typing-extensions, h5py, opt-einsum, flatbuffers, libclang, astunparse, tensorflow, ml-dtypes, scipy, jax, jaxlib
  Attempting uninstall: numpy
    Found existing installation: numpy 1.24.4
    Uninstalling numpy-1.24.4:
      Successfully uninstalled numpy-1.24.4
  Attempting uninstall: packaging
    Found existing installation: packaging 24.2
    Uninstalling packaging-24.2:
      Successfully uninstalled packaging-24.2
  Attempting uninstall: contourpy
    Found existing installation: contourpy 1.1.1
    Uninstalling contourpy-1.1.1:
      Successfully uninstalled contourpy-1.1.1
  Attempting uninstall: pyparsing
    Found existing installation: pyparsing 3.1.4
    Uninstalling pyparsing-3.1.4:
      Successfully uninstalled pyparsing-3.1.4
  Attempting uninstall: pillow
    Found existing installation: pillow 10.4.0
    Uninstalling pillow-10.4.0:
      Successfully uninstalled pillow-10.4.0
  Attempting uninstall: fonttools
    Found existing installation: fonttools 4.55.0
    Uninstalling fonttools-4.55.0:
      Successfully uninstalled fonttools-4.55.0
  Attempting uninstall: cycler
    Found existing installation: cycler 0.12.1
    Uninstalling cycler-0.12.1:
      Successfully uninstalled cycler-0.12.1
  Attempting uninstall: six
    Found existing installation: six 1.16.0
    Uninstalling six-1.16.0:
      Successfully uninstalled six-1.16.0
  Attempting uninstall: python-dateutil
    Found existing installation: python-dateutil 2.9.0.post0
    Uninstalling python-dateutil-2.9.0.post0:
      Successfully uninstalled python-dateutil-2.9.0.post0
  Attempting uninstall: zipp
    Found existing installation: zipp 3.20.2
    Uninstalling zipp-3.20.2:
      Successfully uninstalled zipp-3.20.2
  Attempting uninstall: importlib-resources
    Found existing installation: importlib-resources 6.4.5
    Uninstalling importlib-resources-6.4.5:
      Successfully uninstalled importlib-resources-6.4.5
  Attempting uninstall: kiwisolver
    Found existing installation: kiwisolver 1.4.7
    Uninstalling kiwisolver-1.4.7:
      Successfully uninstalled kiwisolver-1.4.7
  Attempting uninstall: matplotlib
    Found existing installation: matplotlib 3.7.5
    Uninstalling matplotlib-3.7.5:
      Successfully uninstalled matplotlib-3.7.5
  Attempting uninstall: mpi4py
    Found existing installation: mpi4py 4.0.1
    Uninstalling mpi4py-4.0.1:
      Successfully uninstalled mpi4py-4.0.1
  Attempting uninstall: gast
    Found existing installation: gast 0.4.0
    Uninstalling gast-0.4.0:
      Successfully uninstalled gast-0.4.0
  Attempting uninstall: tensorflow-io-gcs-filesystem
    Found existing installation: tensorflow-io-gcs-filesystem 0.34.0
    Uninstalling tensorflow-io-gcs-filesystem-0.34.0:
      Successfully uninstalled tensorflow-io-gcs-filesystem-0.34.0
  Attempting uninstall: MarkupSafe
    Found existing installation: MarkupSafe 2.1.5
    Uninstalling MarkupSafe-2.1.5:
      Successfully uninstalled MarkupSafe-2.1.5
  Attempting uninstall: werkzeug
    Found existing installation: werkzeug 3.0.6
    Uninstalling werkzeug-3.0.6:
      Successfully uninstalled werkzeug-3.0.6
  Attempting uninstall: tensorboard-data-server
    Found existing installation: tensorboard-data-server 0.7.2
    Uninstalling tensorboard-data-server-0.7.2:
      Successfully uninstalled tensorboard-data-server-0.7.2
  Attempting uninstall: grpcio
    Found existing installation: grpcio 1.68.0
    Uninstalling grpcio-1.68.0:
      Successfully uninstalled grpcio-1.68.0
  Attempting uninstall: importlib-metadata
    Found existing installation: importlib-metadata 8.5.0
    Uninstalling importlib-metadata-8.5.0:
      Successfully uninstalled importlib-metadata-8.5.0
  Attempting uninstall: markdown
    Found existing installation: Markdown 3.7
    Uninstalling Markdown-3.7:
      Successfully uninstalled Markdown-3.7
  Attempting uninstall: cachetools
    Found existing installation: cachetools 5.5.0
    Uninstalling cachetools-5.5.0:
      Successfully uninstalled cachetools-5.5.0
  Attempting uninstall: pyasn1
    Found existing installation: pyasn1 0.6.1
    Uninstalling pyasn1-0.6.1:
      Successfully uninstalled pyasn1-0.6.1
  Attempting uninstall: pyasn1-modules
    Found existing installation: pyasn1-modules 0.4.1
    Uninstalling pyasn1-modules-0.4.1:
      Successfully uninstalled pyasn1-modules-0.4.1
  Attempting uninstall: rsa
    Found existing installation: rsa 4.9
    Uninstalling rsa-4.9:
      Successfully uninstalled rsa-4.9
  Attempting uninstall: google-auth
    Found existing installation: google-auth 2.36.0
    Uninstalling google-auth-2.36.0:
      Successfully uninstalled google-auth-2.36.0
  Attempting uninstall: oauthlib
    Found existing installation: oauthlib 3.2.2
    Uninstalling oauthlib-3.2.2:
      Successfully uninstalled oauthlib-3.2.2
  Attempting uninstall: urllib3
    Found existing installation: urllib3 2.2.3
    Uninstalling urllib3-2.2.3:
      Successfully uninstalled urllib3-2.2.3
  Attempting uninstall: idna
    Found existing installation: idna 3.10
    Uninstalling idna-3.10:
      Successfully uninstalled idna-3.10
  Attempting uninstall: certifi
    Found existing installation: certifi 2024.8.30
    Uninstalling certifi-2024.8.30:
      Successfully uninstalled certifi-2024.8.30
  Attempting uninstall: charset-normalizer
    Found existing installation: charset-normalizer 3.4.0
    Uninstalling charset-normalizer-3.4.0:
      Successfully uninstalled charset-normalizer-3.4.0
  Attempting uninstall: requests
    Found existing installation: requests 2.32.3
    Uninstalling requests-2.32.3:
      Successfully uninstalled requests-2.32.3
  Attempting uninstall: requests-oauthlib
    Found existing installation: requests-oauthlib 2.0.0
    Uninstalling requests-oauthlib-2.0.0:
      Successfully uninstalled requests-oauthlib-2.0.0
  Attempting uninstall: google-auth-oauthlib
    Found existing installation: google-auth-oauthlib 1.0.0
    Uninstalling google-auth-oauthlib-1.0.0:
      Successfully uninstalled google-auth-oauthlib-1.0.0
  Attempting uninstall: wheel
    Found existing installation: wheel 0.45.1
    Uninstalling wheel-0.45.1:
      Successfully uninstalled wheel-0.45.1
  Attempting uninstall: protobuf
    Found existing installation: protobuf 4.25.5
    Uninstalling protobuf-4.25.5:
      Successfully uninstalled protobuf-4.25.5
  Attempting uninstall: setuptools
    Found existing installation: setuptools 75.3.0
    Uninstalling setuptools-75.3.0:
      Successfully uninstalled setuptools-75.3.0
  Attempting uninstall: absl-py
    Found existing installation: absl-py 2.1.0
    Uninstalling absl-py-2.1.0:
      Successfully uninstalled absl-py-2.1.0
  Attempting uninstall: tensorboard
    Found existing installation: tensorboard 2.13.0
    Uninstalling tensorboard-2.13.0:
      Successfully uninstalled tensorboard-2.13.0
  Attempting uninstall: google-pasta
    Found existing installation: google-pasta 0.2.0
    Uninstalling google-pasta-0.2.0:
      Successfully uninstalled google-pasta-0.2.0
  Attempting uninstall: termcolor
    Found existing installation: termcolor 2.4.0
    Uninstalling termcolor-2.4.0:
      Successfully uninstalled termcolor-2.4.0
  Attempting uninstall: keras
    Found existing installation: keras 2.13.1
    Uninstalling keras-2.13.1:
      Successfully uninstalled keras-2.13.1
  Attempting uninstall: tensorflow-estimator
    Found existing installation: tensorflow-estimator 2.13.0
    Uninstalling tensorflow-estimator-2.13.0:
      Successfully uninstalled tensorflow-estimator-2.13.0
  Attempting uninstall: wrapt
    Found existing installation: wrapt 1.17.0
    Uninstalling wrapt-1.17.0:
      Successfully uninstalled wrapt-1.17.0
  Attempting uninstall: typing-extensions
    Found existing installation: typing-extensions 4.5.0
    Uninstalling typing-extensions-4.5.0:
      Successfully uninstalled typing-extensions-4.5.0
  Attempting uninstall: h5py
    Found existing installation: h5py 3.11.0
    Uninstalling h5py-3.11.0:
      Successfully uninstalled h5py-3.11.0
  Attempting uninstall: opt-einsum
    Found existing installation: opt-einsum 3.4.0
    Uninstalling opt-einsum-3.4.0:
      Successfully uninstalled opt-einsum-3.4.0
  Attempting uninstall: flatbuffers
    Found existing installation: flatbuffers 24.3.25
    Uninstalling flatbuffers-24.3.25:
      Successfully uninstalled flatbuffers-24.3.25
  Attempting uninstall: libclang
    Found existing installation: libclang 18.1.1
    Uninstalling libclang-18.1.1:
      Successfully uninstalled libclang-18.1.1
  Attempting uninstall: astunparse
    Found existing installation: astunparse 1.6.3
    Uninstalling astunparse-1.6.3:
      Successfully uninstalled astunparse-1.6.3
  Attempting uninstall: tensorflow
    Found existing installation: tensorflow 2.13.1
    Uninstalling tensorflow-2.13.1:
      Successfully uninstalled tensorflow-2.13.1
  Attempting uninstall: ml-dtypes
    Found existing installation: ml-dtypes 0.2.0
    Uninstalling ml-dtypes-0.2.0:
      Successfully uninstalled ml-dtypes-0.2.0
  Attempting uninstall: scipy
    Found existing installation: scipy 1.10.1
    Uninstalling scipy-1.10.1:
      Successfully uninstalled scipy-1.10.1
  Attempting uninstall: jax
    Found existing installation: jax 0.4.13
    Uninstalling jax-0.4.13:
      Successfully uninstalled jax-0.4.13
  Attempting uninstall: jaxlib
    Found existing installation: jaxlib 0.4.13
    Uninstalling jaxlib-0.4.13:
      Successfully uninstalled jaxlib-0.4.13
Successfully installed MarkupSafe-2.1.5 absl-py-2.1.0 astunparse-1.6.3 cachetools-5.5.0 certifi-2024.8.30 charset-normalizer-3.4.0 contourpy-1.1.1 cycler-0.12.1 flatbuffers-24.3.25 fonttools-4.55.0 gast-0.4.0 google-auth-2.36.0 google-auth-oauthlib-1.0.0 google-pasta-0.2.0 grpcio-1.68.0 h5py-3.11.0 idna-3.10 importlib-metadata-8.5.0 importlib-resources-6.4.5 jax-0.4.13 jaxlib-0.4.13 keras-2.13.1 kiwisolver-1.4.7 libclang-18.1.1 markdown-3.7 matplotlib-3.7.5 ml-dtypes-0.2.0 mpi4py-4.0.1 numpy-1.24.4 oauthlib-3.2.2 opt-einsum-3.4.0 packaging-24.2 pillow-10.4.0 protobuf-4.25.5 pyasn1-0.6.1 pyasn1-modules-0.4.1 pyparsing-3.1.4 python-dateutil-2.9.0.post0 requests-2.32.3 requests-oauthlib-2.0.0 rsa-4.9 scipy-1.10.1 setuptools-75.3.0 six-1.16.0 tensorboard-2.13.0 tensorboard-data-server-0.7.2 tensorflow-2.13.1 tensorflow-estimator-2.13.0 tensorflow-io-gcs-filesystem-0.34.0 termcolor-2.4.0 typing-extensions-4.5.0 urllib3-2.2.3 werkzeug-3.0.6 wheel-0.45.1 wrapt-1.17.0 zipp-3.20.2
Verifying mpi4py installation...
Testing mpi4py with mpirun...
(3, 1)
(3, 1)
Running Testbench with MPI...
[Rank 1] Initial input shape: (28, 28)
[Rank 1] Kernel shape: (3, 3)
[Rank 0] Initial input shape: (28, 28)
[Rank 0] Kernel shape: (3, 3)
[Rank 1] Padding rows: 0
[Rank 1] Padded input shape: (28, 28)
[Rank 1] Padded target shape: (28, 28)
[Rank 1] Local input shape (including halo): (15, 28)
[Rank 1] Local target shape: (14, 28)
[Rank 0] Padding rows: 0
[Rank 0] Padded input shape: (28, 28)
[Rank 0] Padded target shape: (28, 28)
[Rank 0] Local input shape (including halo): (15, 28)
[Rank 0] Local target shape: (14, 28)
[Rank 1] Performing convolution with padded input shape (17, 30)
[Rank 0] Performing convolution with padded input shape (17, 30)
[Rank 0] Performing convolution with padded input shape (17, 30)
[Rank 1] Performing convolution with padded input shape (17, 30)
[Rank 0] Performing convolution with padded input shape (17, 30)
[Rank 1] Performing convolution with padded input shape (17, 30)
[Rank 0] Iteration 0: local loss: 0.5171349048614502
[Rank 0] y_pred shape after stripping halos: (14, 28)
[Rank 0] local_y_true shape: (14, 28)
[Rank 1] Iteration 0: local loss: 0.4472750425338745
[Rank 1] y_pred shape after stripping halos: (14, 28)
[Rank 1] local_y_true shape: (14, 28)
[Rank 0] Performing convolution with padded input shape (17, 30)
[Rank 1] Performing convolution with padded input shape (17, 30)
[Rank 0] Performing convolution with padded input shape (17, 30)
[Rank 1] Performing convolution with padded input shape (17, 30)
[Rank 0] Performing convolution with padded input shape (17, 30)
[Rank 1] Performing convolution with padded input shape (17, 30)
[Rank 1] Iteration 1: local loss: 0.410073846578598
[Rank 1] y_pred shape after stripping halos: (14, 28)
[Rank 1] local_y_true shape: (14, 28)
[Rank 0] Iteration 1: local loss: 0.47002720832824707
[Rank 0] y_pred shape after stripping halos: (14, 28)
[Rank 0] local_y_true shape: (14, 28)
[Rank 1] Performing convolution with padded input shape (17, 30)
[Rank 0] Performing convolution with padded input shape (17, 30)
[Rank 0] Performing convolution with padded input shape (17, 30)
[Rank 1] Performing convolution with padded input shape (17, 30)
[Rank 0] Performing convolution with padded input shape (17, 30)
[Rank 1] Performing convolution with padded input shape (17, 30)
[Rank 1] Iteration 2: local loss: 0.37871959805488586
[Rank 1] y_pred shape after stripping halos: (14, 28)
[Rank 1] local_y_true shape: (14, 28)
[Rank 0] Iteration 2: local loss: 0.43029189109802246
[Rank 0] y_pred shape after stripping halos: (14, 28)
[Rank 0] local_y_true shape: (14, 28)
[Rank 0] Performing convolution with padded input shape (17, 30)
[Rank 1] Performing convolution with padded input shape (17, 30)
[Rank 0] Performing convolution with padded input shape (17, 30)
[Rank 1] Performing convolution with padded input shape (17, 30)
[Rank 0] Performing convolution with padded input shape (17, 30)
[Rank 1] Performing convolution with padded input shape (17, 30)
[Rank 0] Iteration 3: local loss: 0.3967365324497223
[Rank 0] y_pred shape after stripping halos: (14, 28)
[Rank 0] local_y_true shape: (14, 28)
[Rank 1] Iteration 3: local loss: 0.35226112604141235
[Rank 1] y_pred shape after stripping halos: (14, 28)
[Rank 1] local_y_true shape: (14, 28)
[Rank 1] Performing convolution with padded input shape (17, 30)
[Rank 0] Performing convolution with padded input shape (17, 30)
[Rank 0] Performing convolution with padded input shape (17, 30)
[Rank 1] Performing convolution with padded input shape (17, 30)
[Rank 0] Performing convolution with padded input shape (17, 30)
[Rank 1] Performing convolution with padded input shape (17, 30)
[Rank 0] Iteration 4: local loss: 0.3683619201183319
[Rank 0] y_pred shape after stripping halos: (14, 28)
[Rank 0] local_y_true shape: (14, 28)
[Rank 1] Iteration 4: local loss: 0.32990163564682007
[Rank 1] y_pred shape after stripping halos: (14, 28)
[Rank 1] local_y_true shape: (14, 28)
[Rank 1] Performing convolution with padded input shape (17, 30)
[Rank 0] Performing convolution with padded input shape (17, 30)
[Rank 0] Performing convolution with padded input shape (17, 30)
[Rank 1] Performing convolution with padded input shape (17, 30)
[Rank 0] Performing convolution with padded input shape (17, 30)
[Rank 1] Performing convolution with padded input shape (17, 30)
[Rank 1] Iteration 5: local loss: 0.31097427010536194
[Rank 1] y_pred shape after stripping halos: (14, 28)
[Rank 1] local_y_true shape: (14, 28)
[Rank 0] Iteration 5: local loss: 0.34433138370513916
[Rank 0] y_pred shape after stripping halos: (14, 28)
[Rank 0] local_y_true shape: (14, 28)
[Rank 0] Performing convolution with padded input shape (17, 30)
[Rank 1] Performing convolution with padded input shape (17, 30)
[Rank 0] Performing convolution with padded input shape (17, 30)
[Rank 1] Performing convolution with padded input shape (17, 30)
[Rank 0] Performing convolution with padded input shape (17, 30)
[Rank 1] Performing convolution with padded input shape (17, 30)
[Rank 0] Iteration 6: local loss: 0.32394346594810486
[Rank 0] y_pred shape after stripping halos: (14, 28)
[Rank 0] local_y_true shape: (14, 28)
[Rank 1] Iteration 6: local loss: 0.294920414686203
[Rank 1] y_pred shape after stripping halos: (14, 28)
[Rank 1] local_y_true shape: (14, 28)
[Rank 0] Performing convolution with padded input shape (17, 30)
[Rank 1] Performing convolution with padded input shape (17, 30)
[Rank 0] Performing convolution with padded input shape (17, 30)
[Rank 1] Performing convolution with padded input shape (17, 30)
[Rank 0] Performing convolution with padded input shape (17, 30)
[Rank 1] Performing convolution with padded input shape (17, 30)
[Rank 1] Iteration 7: local loss: 0.28127267956733704
[Rank 1] y_pred shape after stripping halos: (14, 28)
[Rank 1] local_y_true shape: (14, 28)
[Rank 0] Iteration 7: local loss: 0.30661022663116455
[Rank 0] y_pred shape after stripping halos: (14, 28)
[Rank 0] local_y_true shape: (14, 28)
[Rank 1] Performing convolution with padded input shape (17, 30)
[Rank 0] Performing convolution with padded input shape (17, 30)
[Rank 0] Performing convolution with padded input shape (17, 30)
[Rank 1] Performing convolution with padded input shape (17, 30)
[Rank 0] Performing convolution with padded input shape (17, 30)
[Rank 1] Performing convolution with padded input shape (17, 30)
[Rank 1] Iteration 8: local loss: 0.2696397006511688
[Rank 1] y_pred shape after stripping halos: (14, 28)
[Rank 1] local_y_true shape: (14, 28)
[Rank 0] Iteration 8: local loss: 0.291839599609375
[Rank 0] y_pred shape after stripping halos: (14, 28)
[Rank 0] local_y_true shape: (14, 28)
[Rank 1] Performing convolution with padded input shape (17, 30)
[Rank 0] Performing convolution with padded input shape (17, 30)
[Rank 0] Performing convolution with padded input shape (17, 30)
[Rank 1] Performing convolution with padded input shape (17, 30)
[Rank 0] Performing convolution with padded input shape (17, 30)
[Rank 1] Performing convolution with padded input shape (17, 30)
[Rank 0] Iteration 9: local loss: 0.27921876311302185
[Rank 0] y_pred shape after stripping halos: (14, 28)
[Rank 0] local_y_true shape: (14, 28)
[Rank 0] Rank 0: local_x.nbytes=3360, expected_size=1568
[Rank 0] Rank 0: full_output.nbytes=3136, expected_total=3136
[Rank 0] Rank 0: Aggregation buffer shape: (28, 28)
[Rank 1] Iteration 9: local loss: 0.25969359278678894
[Rank 1] y_pred shape after stripping halos: (14, 28)
[Rank 1] local_y_true shape: (14, 28)
[Rank 1] Rank 1: local_x.nbytes=3360, expected_size=1568
[Rank 1] Rank 1: halo_above=1, halo_below=0
[Rank 1] Rank 1: local_x.shape=(15, 28), local_x.nbytes=3360
[Rank 1] Rank 1: local_data.shape=(14, 28), local_data.nbytes=1568
[Rank 1] Rank 1: chunk_size=14, displacements=[ 0 14]
[Rank 0] Rank 0: chunk_sizes=[14, 14], displacements=[ 0 14]
[Rank 0] Rank 0: halo_above=0, halo_below=1
[Rank 0] Rank 0: local_x.shape=(15, 28), local_x.nbytes=3360
[Rank 0] Rank 0: local_data.shape=(14, 28), local_data.nbytes=1568
[Rank 0] Rank 0: chunk_size=14, displacements=[ 0 14]
[Rank 0] Rank 0: full_output.shape=(28, 28), full_output.nbytes=3136
[Rank 0] Final output shape: (28, 28)
[Rank 1] Performing convolution with padded input shape (16, 30)
[Rank 0] Performing convolution with padded input shape (16, 30)
[Rank 1] Performing convolution with padded input shape (16, 30)
[Rank 0] Performing convolution with padded input shape (16, 30)
[Rank 1] Performing convolution with padded input shape (16, 30)
[Rank 0] Performing convolution with padded input shape (16, 30)
[Rank 1] Performing convolution with padded input shape (16, 30)
[Rank 0] Performing convolution with padded input shape (16, 30)
[Rank 1] Performing convolution with padded input shape (16, 30)
[Rank 0] Performing convolution with padded input shape (16, 30)
[Rank 1] Performing convolution with padded input shape (16, 30)
[Rank 0] Performing convolution with padded input shape (16, 30)
[Rank 0] Performing convolution with padded input shape (16, 30)
[Rank 1] Performing convolution with padded input shape (16, 30)
[Rank 0] Performing convolution with padded input shape (16, 30)
[Rank 1] Performing convolution with padded input shape (16, 30)
[Rank 0] Performing convolution with padded input shape (16, 30)
[Rank 1] Performing convolution with padded input shape (16, 30)
[Rank 1] Performing convolution with padded input shape (16, 30)
[Rank 0] Performing convolution with padded input shape (16, 30)
[Rank 1] Performing convolution with padded input shape (16, 30)
[Rank 0] Performing convolution with padded input shape (16, 30)
[Rank 1] Performing convolution with padded input shape (16, 30)
[Rank 0] Performing convolution with padded input shape (16, 30)
[Rank 1] Performing convolution with padded input shape (16, 30)
[Rank 0] Performing convolution with padded input shape (16, 30)
[Rank 0] Performing convolution with padded input shape (16, 30)
[Rank 1] Performing convolution with padded input shape (16, 30)
[Rank 1] Performing convolution with padded input shape (16, 30)
[Rank 0] Performing convolution with padded input shape (16, 30)
[Rank 1] Performing convolution with padded input shape (16, 30)
[Rank 0] Performing convolution with padded input shape (16, 30)
[Rank 1] Performing convolution with padded input shape (16, 30)
[Rank 0] Performing convolution with padded input shape (16, 30)
[Rank 1] Performing convolution with padded input shape (16, 30)
[Rank 0] Performing convolution with padded input shape (16, 30)
[Rank 1] Performing convolution with padded input shape (16, 30)
[Rank 0] Performing convolution with padded input shape (16, 30)
[Rank 1] Performing convolution with padded input shape (16, 30)
[Rank 0] Performing convolution with padded input shape (16, 30)
[Rank 1] Performing convolution with padded input shape (16, 30)
[Rank 0] Performing convolution with padded input shape (16, 30)
[Rank 1] Performing convolution with padded input shape (16, 30)
[Rank 0] Performing convolution with padded input shape (16, 30)
[Rank 1] Performing convolution with padded input shape (16, 30)
[Rank 0] Performing convolution with padded input shape (16, 30)
[Rank 1] Performing convolution with padded input shape (16, 30)
[Rank 0] Performing convolution with padded input shape (16, 30)
[Rank 1] Performing convolution with padded input shape (16, 30)
[Rank 0] Performing convolution with padded input shape (16, 30)
[Rank 1] Performing convolution with padded input shape (16, 30)
[Rank 0] Performing convolution with padded input shape (16, 30)
[Rank 1] Performing convolution with padded input shape (16, 30)
[Rank 0] Performing convolution with padded input shape (16, 30)
[Rank 0] Performing convolution with padded input shape (16, 30)
[Rank 1] Performing convolution with padded input shape (16, 30)
[Rank 0] Performing convolution with padded input shape (16, 30)
[Rank 1] Performing convolution with padded input shape (16, 30)
[Rank 0] Performing convolution with padded input shape (16, 30)
[Rank 1] Performing convolution with padded input shape (16, 30)
[Rank 0] Performing convolution with padded input shape (16, 30)
[Rank 1] Performing convolution with padded input shape (16, 30)
[Rank 0] Performing convolution with padded input shape (16, 30)
[Rank 1] Performing convolution with padded input shape (16, 30)
[Rank 1] Performing convolution with padded input shape (16, 30)
[Rank 0] Performing convolution with padded input shape (16, 30)
[Rank 1] Performing convolution with padded input shape (16, 30)
[Rank 0] Performing convolution with padded input shape (16, 30)
[Rank 0] Performing convolution with padded input shape (16, 30)
[Rank 1] Performing convolution with padded input shape (16, 30)
[Rank 0] Performing convolution with padded input shape (16, 30)
[Rank 1] Performing convolution with padded input shape (16, 30)
[Rank 1] Performing convolution with padded input shape (16, 30)
[Rank 0] Performing convolution with padded input shape (16, 30)
[Rank 1] Performing convolution with padded input shape (16, 30)
[Rank 0] Performing convolution with padded input shape (16, 30)
[Rank 0] Performing convolution with padded input shape (16, 30)
[Rank 1] Performing convolution with padded input shape (16, 30)
[Rank 0] Performing convolution with padded input shape (16, 30)
[Rank 1] Performing convolution with padded input shape (16, 30)
[Rank 0] Performing convolution with padded input shape (16, 30)
[Rank 1] Performing convolution with padded input shape (16, 30)
[Rank 0] Performing convolution with padded input shape (16, 30)
[Rank 1] Performing convolution with padded input shape (16, 30)
[Rank 1] Performing convolution with padded input shape (16, 30)
[Rank 0] Performing convolution with padded input shape (16, 30)
[Rank 1] Performing convolution with padded input shape (16, 30)
[Rank 0] Performing convolution with padded input shape (16, 30)
[Rank 1] Performing convolution with padded input shape (16, 30)
[Rank 0] Performing convolution with padded input shape (16, 30)
[Rank 0] Performing convolution with padded input shape (16, 30)
[Rank 1] Performing convolution with padded input shape (16, 30)
[Rank 0] Performing convolution with padded input shape (16, 30)
[Rank 1] Performing convolution with padded input shape (16, 30)
[Rank 0] Performing convolution with padded input shape (16, 30)
[Rank 1] Performing convolution with padded input shape (16, 30)
[Rank 0] Performing convolution with padded input shape (16, 30)
[Rank 1] Performing convolution with padded input shape (16, 30)
[Rank 0] Performing convolution with padded input shape (16, 30)
[Rank 1] Performing convolution with padded input shape (16, 30)
[Rank 0] Performing convolution with padded input shape (16, 30)
[Rank 1] Performing convolution with padded input shape (16, 30)
[Rank 0] Performing convolution with padded input shape (16, 30)
[Rank 1] Performing convolution with padded input shape (16, 30)
[Rank 1] Performing convolution with padded input shape (16, 30)
[Rank 0] Performing convolution with padded input shape (16, 30)
[Rank 1] Performing convolution with padded input shape (16, 30)
[Rank 0] Performing convolution with padded input shape (16, 30)
[Rank 1] Performing convolution with padded input shape (16, 30)
[Rank 0] Performing convolution with padded input shape (16, 30)
[Rank 1] Performing convolution with padded input shape (16, 30)
[Rank 0] Performing convolution with padded input shape (16, 30)
[Rank 1] Performing convolution with padded input shape (16, 30)
[Rank 0] Performing convolution with padded input shape (16, 30)
[Rank 1] Performing convolution with padded input shape (16, 30)
[Rank 0] Performing convolution with padded input shape (16, 30)
[Rank 0] Performing convolution with padded input shape (16, 30)
[Rank 1] Performing convolution with padded input shape (16, 30)
[Rank 0] Performing convolution with padded input shape (16, 30)
[Rank 1] Performing convolution with padded input shape (16, 30)
[Rank 1] Performing convolution with padded input shape (23, 30)
[Rank 0] Performing convolution with padded input shape (9, 30)
[Rank 1] Performing convolution with padded input shape (23, 30)
[Rank 0] Performing convolution with padded input shape (9, 30)
[Rank 0] Performing convolution with padded input shape (9, 30)
[Rank 1] Performing convolution with padded input shape (23, 30)
[Rank 1] Performing convolution with padded input shape (23, 30)
[Rank 0] Performing convolution with padded input shape (9, 30)
[Rank 1] Performing convolution with padded input shape (23, 30)
[Rank 0] Performing convolution with padded input shape (9, 30)
[Rank 1] Performing convolution with padded input shape (23, 30)
[Rank 0] Performing convolution with padded input shape (9, 30)
[Rank 1] Performing convolution with padded input shape (23, 30)
[Rank 0] Performing convolution with padded input shape (9, 30)
[Rank 1] Performing convolution with padded input shape (23, 30)
[Rank 0] Performing convolution with padded input shape (9, 30)
[Rank 1] Performing convolution with padded input shape (23, 30)
[Rank 0] Performing convolution with padded input shape (9, 30)
[Rank 1] Performing convolution with padded input shape (23, 30)
[Rank 0] Performing convolution with padded input shape (9, 30)
[Rank 1] Performing convolution with padded input shape (23, 30)
[Rank 0] Performing convolution with padded input shape (9, 30)
[Rank 1] Performing convolution with padded input shape (23, 30)
[Rank 0] Performing convolution with padded input shape (9, 30)
[Rank 1] Performing convolution with padded input shape (23, 30)
[Rank 0] Performing convolution with padded input shape (9, 30)
[Rank 1] Performing convolution with padded input shape (23, 30)
[Rank 0] Performing convolution with padded input shape (9, 30)
[Rank 0] Performing convolution with padded input shape (9, 30)
[Rank 1] Performing convolution with padded input shape (23, 30)
[Rank 1] Performing convolution with padded input shape (23, 30)
[Rank 0] Performing convolution with padded input shape (9, 30)
[Rank 1] Performing convolution with padded input shape (23, 30)
[Rank 0] Performing convolution with padded input shape (9, 30)
[Rank 1] Performing convolution with padded input shape (23, 30)
[Rank 0] Performing convolution with padded input shape (9, 30)
[Rank 0] Performing convolution with padded input shape (9, 30)
[Rank 1] Performing convolution with padded input shape (23, 30)
[Rank 0] Performing convolution with padded input shape (9, 30)
[Rank 1] Performing convolution with padded input shape (23, 30)
[Rank 0] Performing convolution with padded input shape (9, 30)
[Rank 1] Performing convolution with padded input shape (23, 30)
[Rank 0] Performing convolution with padded input shape (9, 30)
[Rank 1] Performing convolution with padded input shape (23, 30)
[Rank 0] Performing convolution with padded input shape (9, 30)
[Rank 1] Performing convolution with padded input shape (23, 30)
[Rank 0] Performing convolution with padded input shape (9, 30)
[Rank 1] Performing convolution with padded input shape (23, 30)
[Rank 0] Performing convolution with padded input shape (9, 30)
[Rank 1] Performing convolution with padded input shape (23, 30)
[Rank 1] Performing convolution with padded input shape (23, 30)
[Rank 0] Performing convolution with padded input shape (9, 30)
[Rank 1] Performing convolution with padded input shape (23, 30)
[Rank 0] Performing convolution with padded input shape (9, 30)
[Rank 1] Performing convolution with padded input shape (23, 30)
[Rank 0] Performing convolution with padded input shape (9, 30)
[Rank 1] Performing convolution with padded input shape (23, 30)
[Rank 0] Performing convolution with padded input shape (9, 30)
[Rank 1] Performing convolution with padded input shape (23, 30)
[Rank 0] Performing convolution with padded input shape (9, 30)
Benchmark Results:
Chunk Size      Real Time Avg (s)    Real Time Std (s)    CPU Time Avg (s)     CPU Time Std (s)    
14              0.811675             0.013724             0.797336             0.013940            
14              0.805928             0.001428             0.791613             0.001429            
7               1.216373             0.013448             0.397811             0.013685            
